

Version:	3.50
CmdLine:	C:\Users\Shadey\Documents\GitHub\TarotHades\Memoriam\Memoriam.exe --l4j-debug
JNI:		No
WOW64:		Yes
Working dir:	C:\Users\Shadey\Documents\GitHub\TarotHades\Memoriam\.
Requires JDK:	No
Requires 64-Bit: No
Java min ver:	
Java max ver:	
Substitute:	JAVA_HOME = C:\Program Files\Common Files\Oracle\Java\javapath
Substitute:	PATH = C:\Program Files\Common Files\Oracle\Java\javapath;C:\WINDOWS\system32;C:\WINDOWS;C:\WINDOWS\System32\Wbem;C:\WINDOWS\System32\WindowsPowerShell\v1.0\;C:\WINDOWS\System32\OpenSSH\;C:\Program Files\dotnet\;C:\Program Files\CMake\bin;C:\Program Files (x86)\Windows Kits\10\Windows Performance Toolkit\;C:\Program Files\Git\cmd;C:\Users\Shadey\.local\bin;C:\Users\Shadey\AppData\Local\Microsoft\WindowsApps;C:\Users\Shadey\AppData\Local\Programs\MiKTeX\miktex\bin\x64\;C:\Users\Shadey\Documents\Visual Studio Code\C\Mysys2\ucrt64\bin;C:\Users\Shadey\Downloads\ninja-win;C:\Users\Shadey\AppData\Local\Programs\Microsoft VS Code\bin;C:\Users\Shadey\AppData\Local\GitHubDesktop\bin;C:\Program Files\Java\jdk-25.0.3\bin
JRE paths:	C:\Program Files\Common Files\Oracle\Java\javapath;C:\Program Files\Common Files\Oracle\Java\javapath;C:\WINDOWS\system32;C:\WINDOWS;C:\WINDOWS\System32\Wbem;C:\WINDOWS\System32\WindowsPowerShell\v1.0\;C:\WINDOWS\System32\OpenSSH\;C:\Program Files\dotnet\;C:\Program Files\CMake\bin;C:\Program Files (x86)\Windows Kits\10\Windows Performance Toolkit\;C:\Program Files\Git\cmd;C:\Users\Shadey\.local\bin;C:\Users\Shadey\AppData\Local\Microsoft\WindowsApps;C:\Users\Shadey\AppData\Local\Programs\MiKTeX\miktex\bin\x64\;C:\Users\Shadey\Documents\Visual Studio Code\C\Mysys2\ucrt64\bin;C:\Users\Shadey\Downloads\ninja-win;C:\Users\Shadey\AppData\Local\Programs\Microsoft VS Code\bin;C:\Users\Shadey\AppData\Local\GitHubDesktop\bin;C:\Program Files\Java\jdk-25.0.3\bin
Check launcher:	C:\Program Files\Common Files\Oracle\Java\javapath\bin\javaw.exe (not found)
Check launcher:	C:\Program Files\Common Files\Oracle\Java\javapath\bin\javaw.exe (not found)
Check launcher:	C:\WINDOWS\system32\bin\javaw.exe (not found)
Check launcher:	C:\WINDOWS\bin\javaw.exe (not found)
Check launcher:	C:\WINDOWS\System32\Wbem\bin\javaw.exe (not found)
Check launcher:	C:\WINDOWS\System32\WindowsPowerShell\v1.0\bin\javaw.exe (not found)
Check launcher:	C:\WINDOWS\System32\OpenSSH\bin\javaw.exe (not found)
Check launcher:	C:\Program Files\dotnet\bin\javaw.exe (not found)
Check launcher:	C:\Program Files\CMake\bin\javaw.exe (not found)
Check launcher:	C:\Program Files (x86)\Windows Kits\10\Windows Performance Toolkit\bin\javaw.exe (not found)
Check launcher:	C:\Program Files\Git\cmd\bin\javaw.exe (not found)
Check launcher:	C:\Users\Shadey\.local\bin\javaw.exe (not found)
Check launcher:	C:\Users\Shadey\AppData\Local\Microsoft\WindowsApps\bin\javaw.exe (not found)
Check launcher:	C:\Users\Shadey\AppData\Local\Programs\MiKTeX\miktex\bin\x64\bin\javaw.exe (not found)
Check launcher:	C:\Users\Shadey\Documents\Visual Studio Code\C\Mysys2\ucrt64\bin\javaw.exe (not found)
Check launcher:	C:\Users\Shadey\Downloads\ninja-win\bin\javaw.exe (not found)
Check launcher:	C:\Users\Shadey\AppData\Local\Programs\Microsoft VS Code\bin\javaw.exe (not found)
Check launcher:	C:\Users\Shadey\AppData\Local\GitHubDesktop\bin\javaw.exe (not found)
Check launcher:	C:\Program Files\Java\jdk-25.0.3\bin\javaw.exe (OK)
Version string: 1.025.000_003 / 64-Bit (OK)
Launcher:	C:\Program Files\Java\jdk-25.0.3\bin\javaw.exe
Launcher args:	-jar "C:\Users\Shadey\Documents\GitHub\TarotHades\Memoriam\Memoriam.exe"
Args length:	72/32768 chars
Exit code:	0
